Using pre-set license
Built from '2021.1/staging' branch; Version is '2021.1.12f1 (afcadd793de6) revision 11520733'; Using compiler version '192528614'; Build Type 'Release'
OS: 'Windows 10 Home; OS build 19042.1052; Version 2009; 64bit' Language: 'ru' Physical Memory: 8101 MB
BatchMode: 1, IsHumanControllingUs: 0, StartBugReporterOnCrash: 0, Is64bit: 1, IsPro: 0

 COMMAND LINE ARGUMENTS:
C:\Program Files\Unity\Hub\Editor\2021.1.12f1\Editor\Unity.exe
-adb2
-batchMode
-noUpm
-name
AssetImportWorker0
-projectPath
C:/Users/PurpleSlayerFish.PSY-SANCTUARY/Desktop/HexWar
-logFile
Logs/AssetImportWorker0.log
-srvPort
62684
Successfully changed project path to: C:/Users/PurpleSlayerFish.PSY-SANCTUARY/Desktop/HexWar
C:/Users/PurpleSlayerFish.PSY-SANCTUARY/Desktop/HexWar
Using Asset Import Pipeline V2.
Refreshing native plugins compatible for Editor in 89.15 ms, found 3 plugins.
Preloading 0 native plugins for Editor in 0.00 ms.
Initialize engine version: 2021.1.12f1 (afcadd793de6)
[Subsystems] Discovering subsystems at path C:/Program Files/Unity/Hub/Editor/2021.1.12f1/Editor/Data/Resources/UnitySubsystems
[Subsystems] Discovering subsystems at path C:/Users/PurpleSlayerFish.PSY-SANCTUARY/Desktop/HexWar/Assets
GfxDevice: creating device client; threaded=0; jobified=0
Direct3D:
    Version:  Direct3D 11.0 [level 11.1]
    Renderer: NVIDIA GeForce MX150 (ID=0x1d12)
    Vendor:   NVIDIA
    VRAM:     1983 MB
    Driver:   25.21.14.1672
Initialize mono
Mono path[0] = 'C:/Program Files/Unity/Hub/Editor/2021.1.12f1/Editor/Data/Managed'
Mono path[1] = 'C:/Program Files/Unity/Hub/Editor/2021.1.12f1/Editor/Data/MonoBleedingEdge/lib/mono/unityjit'
Mono config path = 'C:/Program Files/Unity/Hub/Editor/2021.1.12f1/Editor/Data/MonoBleedingEdge/etc'
Using monoOptions --debugger-agent=transport=dt_socket,embedding=1,server=y,suspend=n,address=127.0.0.1:56600
Begin MonoManager ReloadAssembly
Registering precompiled unity dll's ...
Register platform support module: C:/Program Files/Unity/Hub/Editor/2021.1.12f1/Editor/Data/PlaybackEngines/WebGLSupport/UnityEditor.WebGL.Extensions.dll
Register platform support module: C:/Program Files/Unity/Hub/Editor/2021.1.12f1/Editor/Data/PlaybackEngines/WindowsStandaloneSupport/UnityEditor.WindowsStandalone.Extensions.dll
Registered in 0.002695 seconds.
Native extension for WindowsStandalone target not found
Native extension for WebGL target not found
Refreshing native plugins compatible for Editor in 84.67 ms, found 3 plugins.
Preloading 0 native plugins for Editor in 0.00 ms.
Mono: successfully reloaded assembly
- Completed reload, in  1.403 seconds
Domain Reload Profiling:
	ReloadAssembly (1403ms)
		BeginReloadAssembly (58ms)
			ExecutionOrderSort (0ms)
			DisableScriptedObjects (0ms)
			BackupInstance (0ms)
			ReleaseScriptingObjects (0ms)
			CreateAndSetChildDomain (1ms)
		EndReloadAssembly (483ms)
			LoadAssemblies (56ms)
			RebuildTransferFunctionScriptingTraits (0ms)
			SetupTypeCache (176ms)
			ReleaseScriptCaches (0ms)
			RebuildScriptCaches (33ms)
			SetupLoadedEditorAssemblies (227ms)
				LogAssemblyErrors (0ms)
				InitializePlatformSupportModulesInManaged (7ms)
				SetLoadedEditorAssemblies (0ms)
				RefreshPlugins (85ms)
				BeforeProcessingInitializeOnLoad (1ms)
				ProcessInitializeOnLoadAttributes (102ms)
				ProcessInitializeOnLoadMethodAttributes (32ms)
				AfterProcessingInitializeOnLoad (0ms)
				EditorAssembliesLoaded (0ms)
			ExecutionOrderSort2 (0ms)
			AwakeInstancesAfterBackupRestoration (0ms)
Platform modules already initialized, skipping
Registering precompiled user dll's ...
Registered in 0.010480 seconds.
Begin MonoManager ReloadAssembly
Symbol file LoadedFromMemory doesn't match image C:\Users\PurpleSlayerFish.PSY-SANCTUARY\Desktop\HexWar\Library\PackageCache\com.unity.visualscripting@1.6.1\Editor\VisualScripting.Core\Dependencies\YamlDotNet\Unity.VisualScripting.YamlDotNet.dll
Symbol file LoadedFromMemory doesn't match image C:\Users\PurpleSlayerFish.PSY-SANCTUARY\Desktop\HexWar\Library\PackageCache\com.unity.visualscripting@1.6.1\Editor\VisualScripting.Core\Dependencies\DotNetZip\Unity.VisualScripting.IonicZip.dll
Native extension for WindowsStandalone target not found
Native extension for WebGL target not found
Refreshing native plugins compatible for Editor in 1.46 ms, found 3 plugins.
Preloading 0 native plugins for Editor in 0.00 ms.
Mono: successfully reloaded assembly
- Completed reload, in  1.292 seconds
Domain Reload Profiling:
	ReloadAssembly (1293ms)
		BeginReloadAssembly (155ms)
			ExecutionOrderSort (0ms)
			DisableScriptedObjects (4ms)
			BackupInstance (0ms)
			ReleaseScriptingObjects (0ms)
			CreateAndSetChildDomain (22ms)
		EndReloadAssembly (1072ms)
			LoadAssemblies (133ms)
			RebuildTransferFunctionScriptingTraits (0ms)
			SetupTypeCache (353ms)
			ReleaseScriptCaches (1ms)
			RebuildScriptCaches (55ms)
			SetupLoadedEditorAssemblies (372ms)
				LogAssemblyErrors (0ms)
				InitializePlatformSupportModulesInManaged (10ms)
				SetLoadedEditorAssemblies (1ms)
				RefreshPlugins (2ms)
				BeforeProcessingInitializeOnLoad (87ms)
				ProcessInitializeOnLoadAttributes (252ms)
				ProcessInitializeOnLoadMethodAttributes (13ms)
				AfterProcessingInitializeOnLoad (8ms)
				EditorAssembliesLoaded (0ms)
			ExecutionOrderSort2 (0ms)
			AwakeInstancesAfterBackupRestoration (7ms)
Platform modules already initialized, skipping
========================================================================
Worker process is ready to serve import requests
Launched and connected shader compiler UnityShaderCompiler.exe after 0.06 seconds
Refreshing native plugins compatible for Editor in 0.67 ms, found 3 plugins.
Preloading 0 native plugins for Editor in 0.00 ms.
Unloading 3021 Unused Serialized files (Serialized files now loaded: 0)
System memory in use before: 110.4 MB.
System memory in use after: 110.6 MB.

Unloading 27 unused Assets to reduce memory usage. Loaded Objects now: 3469.
Total: 3.033600 ms (FindLiveObjects: 0.281500 ms CreateObjectMapping: 0.133200 ms MarkObjects: 2.503500 ms  DeleteObjects: 0.114500 ms)

AssetImportParameters requested are different than current active one (requested -> active):
  custom:framework-win-MediaFoundation: 216162199b28c13a410421893ffa2e32 -> 
  custom:video-decoder-ogg-theora: a1e56fd34408186e4bbccfd4996cb3dc -> 
  custom:container-muxer-webm: aa71ff27fc2769a1b78a27578f13a17b -> 
  custom:container-demuxer-webm: 4f35f7cbe854078d1ac9338744f61a02 -> 
  custom:container-demuxer-ogg: 62fdf1f143b41e24485cea50d1cbac27 -> 
  custom:video-encoder-webm-vp8: eb34c28f22e8b96e1ab97ce403110664 -> 
  custom:video-decoder-webm-vp8: 9c59270c3fd7afecdb556c50c9e8de78 -> 
  custom:audio-decoder-ogg-vorbis: bf7c407c2cedff20999df2af8eb42d56 -> 
  custom:audio-encoder-webm-vorbis: bf7c407c2cedff20999df2af8eb42d56 -> 
========================================================================
Received Import Request.
  path: Assets/Art/Scenes/Battle/hex-sliced_32.png
  artifactKey: Guid(0e83d705a64ba7e45837fbe21d6cbe98) Importer(815301076,1909f56bfc062723c751e8b465ee728b)
Start importing Assets/Art/Scenes/Battle/hex-sliced_32.png using Guid(0e83d705a64ba7e45837fbe21d6cbe98) Importer(815301076,1909f56bfc062723c751e8b465ee728b)  -> (artifact id: 'd6f39cae820696c909b6386def39f6f8') in 0.142884 seconds 
========================================================================
Received Import Request.
  Time since last request: 0.000300 seconds.
  path: Assets/Art/Scenes/Battle/hex-sliced_01.png
  artifactKey: Guid(9c7fd24546452104f95545313b0f88d6) Importer(815301076,1909f56bfc062723c751e8b465ee728b)
Start importing Assets/Art/Scenes/Battle/hex-sliced_01.png using Guid(9c7fd24546452104f95545313b0f88d6) Importer(815301076,1909f56bfc062723c751e8b465ee728b)  -> (artifact id: 'd05eb5565974d143241c35709b254e32') in 0.019489 seconds 
========================================================================
Received Import Request.
  Time since last request: 55.431789 seconds.
  path: Assets/Art/Scenes/Battle/Tiles/hex-sliced_32.png
  artifactKey: Guid(0e83d705a64ba7e45837fbe21d6cbe98) Importer(815301076,1909f56bfc062723c751e8b465ee728b)
Start importing Assets/Art/Scenes/Battle/Tiles/hex-sliced_32.png using Guid(0e83d705a64ba7e45837fbe21d6cbe98) Importer(815301076,1909f56bfc062723c751e8b465ee728b)  -> (artifact id: '2203958f0d66bb6a0a2e071275be5886') in 0.014982 seconds 
========================================================================
Received Import Request.
  Time since last request: 61.248554 seconds.
  path: Assets/Art/Scenes/Battle/Tiles/hex-sliced_01.png
  artifactKey: Guid(9c7fd24546452104f95545313b0f88d6) Importer(815301076,1909f56bfc062723c751e8b465ee728b)
Start importing Assets/Art/Scenes/Battle/Tiles/hex-sliced_01.png using Guid(9c7fd24546452104f95545313b0f88d6) Importer(815301076,1909f56bfc062723c751e8b465ee728b)  -> (artifact id: '0409f6107b61e3fe741d3a7eb50d2c83') in 0.031112 seconds 
========================================================================
Received Import Request.
  Time since last request: 62.368339 seconds.
  path: Assets/Tools/TilePallet.prefab
  artifactKey: Guid(770e3058eb4337947ab689d7b29c9f4d) Importer(815301076,1909f56bfc062723c751e8b465ee728b)
Start importing Assets/Tools/TilePallet.prefab using Guid(770e3058eb4337947ab689d7b29c9f4d) Importer(815301076,1909f56bfc062723c751e8b465ee728b)  -> (artifact id: '9442c2c74b1c76d943dbfeb9e9d9d8bc') in 0.025081 seconds 
========================================================================
Received Import Request.
  Time since last request: 3.035030 seconds.
  path: Assets/Tools/Pallet/Tp2.prefab
  artifactKey: Guid(768128c8e3c7c4241a143cdca188cda0) Importer(815301076,1909f56bfc062723c751e8b465ee728b)
Start importing Assets/Tools/Pallet/Tp2.prefab using Guid(768128c8e3c7c4241a143cdca188cda0) Importer(815301076,1909f56bfc062723c751e8b465ee728b)  -> (artifact id: '71bd8cd216cf16b0859815a603488274') in 0.012292 seconds 
========================================================================
Received Prepare
Registering precompiled user dll's ...
Registered in 0.006910 seconds.
Begin MonoManager ReloadAssembly
Symbol file LoadedFromMemory doesn't match image C:\Users\PurpleSlayerFish.PSY-SANCTUARY\Desktop\HexWar\Library\PackageCache\com.unity.visualscripting@1.6.1\Editor\VisualScripting.Core\Dependencies\YamlDotNet\Unity.VisualScripting.YamlDotNet.dll
Symbol file LoadedFromMemory doesn't match image C:\Users\PurpleSlayerFish.PSY-SANCTUARY\Desktop\HexWar\Library\PackageCache\com.unity.visualscripting@1.6.1\Editor\VisualScripting.Core\Dependencies\DotNetZip\Unity.VisualScripting.IonicZip.dll
Native extension for WindowsStandalone target not found
Native extension for WebGL target not found
Refreshing native plugins compatible for Editor in 0.68 ms, found 3 plugins.
Preloading 0 native plugins for Editor in 0.00 ms.
Mono: successfully reloaded assembly
- Completed reload, in  1.231 seconds
Domain Reload Profiling:
	ReloadAssembly (1231ms)
		BeginReloadAssembly (136ms)
			ExecutionOrderSort (0ms)
			DisableScriptedObjects (7ms)
			BackupInstance (0ms)
			ReleaseScriptingObjects (0ms)
			CreateAndSetChildDomain (42ms)
		EndReloadAssembly (1019ms)
			LoadAssemblies (96ms)
			RebuildTransferFunctionScriptingTraits (0ms)
			SetupTypeCache (446ms)
			ReleaseScriptCaches (1ms)
			RebuildScriptCaches (44ms)
			SetupLoadedEditorAssemblies (311ms)
				LogAssemblyErrors (0ms)
				InitializePlatformSupportModulesInManaged (7ms)
				SetLoadedEditorAssemblies (1ms)
				RefreshPlugins (1ms)
				BeforeProcessingInitializeOnLoad (63ms)
				ProcessInitializeOnLoadAttributes (223ms)
				ProcessInitializeOnLoadMethodAttributes (9ms)
				AfterProcessingInitializeOnLoad (8ms)
				EditorAssembliesLoaded (0ms)
			ExecutionOrderSort2 (0ms)
			AwakeInstancesAfterBackupRestoration (12ms)
Platform modules already initialized, skipping
Refreshing native plugins compatible for Editor in 0.73 ms, found 3 plugins.
Preloading 0 native plugins for Editor in 0.00 ms.
Unloading 3018 Unused Serialized files (Serialized files now loaded: 0)
System memory in use before: 115.8 MB.
System memory in use after: 116.0 MB.

Unloading 18 unused Assets to reduce memory usage. Loaded Objects now: 3536.
Total: 4.557100 ms (FindLiveObjects: 0.528900 ms CreateObjectMapping: 0.396900 ms MarkObjects: 3.557400 ms  DeleteObjects: 0.073000 ms)

AssetImportParameters requested are different than current active one (requested -> active):
  custom:framework-win-MediaFoundation: 216162199b28c13a410421893ffa2e32 -> 
  custom:video-decoder-ogg-theora: a1e56fd34408186e4bbccfd4996cb3dc -> 
  custom:container-muxer-webm: aa71ff27fc2769a1b78a27578f13a17b -> 
  custom:container-demuxer-webm: 4f35f7cbe854078d1ac9338744f61a02 -> 
  custom:container-demuxer-ogg: 62fdf1f143b41e24485cea50d1cbac27 -> 
  custom:video-encoder-webm-vp8: eb34c28f22e8b96e1ab97ce403110664 -> 
  custom:video-decoder-webm-vp8: 9c59270c3fd7afecdb556c50c9e8de78 -> 
  custom:audio-decoder-ogg-vorbis: bf7c407c2cedff20999df2af8eb42d56 -> 
  custom:audio-encoder-webm-vorbis: bf7c407c2cedff20999df2af8eb42d56 -> 
========================================================================
Received Import Request.
  Time since last request: 335.220432 seconds.
  path: Assets/Tools/HexagonPallet.prefab
  artifactKey: Guid(e9f04941bf5199e43b1678aefa054ecb) Importer(815301076,1909f56bfc062723c751e8b465ee728b)
Start importing Assets/Tools/HexagonPallet.prefab using Guid(e9f04941bf5199e43b1678aefa054ecb) Importer(815301076,1909f56bfc062723c751e8b465ee728b)  -> (artifact id: 'd07b2526e9164073242b6229065d4ff7') in 0.035445 seconds 
========================================================================
Received Import Request.
  Time since last request: 7.162102 seconds.
  path: Assets/Tools/Tiles/dirt_01.asset
  artifactKey: Guid(f01596771c1ec654f861428d6bb690de) Importer(815301076,1909f56bfc062723c751e8b465ee728b)
Start importing Assets/Tools/Tiles/dirt_01.asset using Guid(f01596771c1ec654f861428d6bb690de) Importer(815301076,1909f56bfc062723c751e8b465ee728b)  -> (artifact id: '81744c929c92ccfd6bb5fcd4965f5064') in 0.015944 seconds 
========================================================================
Received Import Request.
  Time since last request: 1.317070 seconds.
  path: Assets/Tools/Tiles/dirt_19.asset
  artifactKey: Guid(cf45f5370829623479e251be2a4a090b) Importer(815301076,1909f56bfc062723c751e8b465ee728b)
Start importing Assets/Tools/Tiles/dirt_19.asset using Guid(cf45f5370829623479e251be2a4a090b) Importer(815301076,1909f56bfc062723c751e8b465ee728b)  -> (artifact id: '7ed5de1321b57f212e50664e937a6113') in 0.017680 seconds 
========================================================================
Received Import Request.
  Time since last request: 28.172083 seconds.
  path: Assets/Art/Scenes/Battle/Tiles/hex-sliced_32.png
  artifactKey: Guid(0e83d705a64ba7e45837fbe21d6cbe98) Importer(815301076,1909f56bfc062723c751e8b465ee728b)
Start importing Assets/Art/Scenes/Battle/Tiles/hex-sliced_32.png using Guid(0e83d705a64ba7e45837fbe21d6cbe98) Importer(815301076,1909f56bfc062723c751e8b465ee728b)  -> (artifact id: '57ead493ae868f3fbb6dcbeca792d06e') in 0.042021 seconds 
========================================================================
Received Import Request.
  Time since last request: 11.097050 seconds.
  path: Assets/Art/Scenes/Battle/Tiles/hex-sliced_32.png
  artifactKey: Guid(0e83d705a64ba7e45837fbe21d6cbe98) Importer(815301076,1909f56bfc062723c751e8b465ee728b)
Start importing Assets/Art/Scenes/Battle/Tiles/hex-sliced_32.png using Guid(0e83d705a64ba7e45837fbe21d6cbe98) Importer(815301076,1909f56bfc062723c751e8b465ee728b)  -> (artifact id: 'eb3c3537c7d5077844f0520dbe64b2c4') in 0.016442 seconds 
========================================================================
Received Import Request.
  Time since last request: 146.972358 seconds.
  path: Assets/Scripts/HubNavigationController.cs
  artifactKey: Guid(8b681266592474b4ea6f10e129dbe6ad) Importer(815301076,1909f56bfc062723c751e8b465ee728b)
Start importing Assets/Scripts/HubNavigationController.cs using Guid(8b681266592474b4ea6f10e129dbe6ad) Importer(815301076,1909f56bfc062723c751e8b465ee728b)  -> (artifact id: 'cccaceb73ad9fd36dd6b449b85d430b1') in 0.017835 seconds 
========================================================================
Received Import Request.
  Time since last request: 0.386923 seconds.
  path: Assets/Scripts/HexagonMovementController.cs
  artifactKey: Guid(339682ae8ff1f614ba1d10877536812e) Importer(815301076,1909f56bfc062723c751e8b465ee728b)
Start importing Assets/Scripts/HexagonMovementController.cs using Guid(339682ae8ff1f614ba1d10877536812e) Importer(815301076,1909f56bfc062723c751e8b465ee728b)  -> (artifact id: '3cc4c805ec07fc50eb7f2b474b9ae6d4') in 0.011727 seconds 
========================================================================
Received Prepare
Registering precompiled user dll's ...
Registered in 0.013072 seconds.
Begin MonoManager ReloadAssembly
Symbol file LoadedFromMemory doesn't match image C:\Users\PurpleSlayerFish.PSY-SANCTUARY\Desktop\HexWar\Library\PackageCache\com.unity.visualscripting@1.6.1\Editor\VisualScripting.Core\Dependencies\YamlDotNet\Unity.VisualScripting.YamlDotNet.dll
Symbol file LoadedFromMemory doesn't match image C:\Users\PurpleSlayerFish.PSY-SANCTUARY\Desktop\HexWar\Library\PackageCache\com.unity.visualscripting@1.6.1\Editor\VisualScripting.Core\Dependencies\DotNetZip\Unity.VisualScripting.IonicZip.dll
Native extension for WindowsStandalone target not found
Native extension for WebGL target not found
Refreshing native plugins compatible for Editor in 0.62 ms, found 3 plugins.
Preloading 0 native plugins for Editor in 0.00 ms.
Mono: successfully reloaded assembly
- Completed reload, in  1.530 seconds
Domain Reload Profiling:
	ReloadAssembly (1531ms)
		BeginReloadAssembly (175ms)
			ExecutionOrderSort (0ms)
			DisableScriptedObjects (7ms)
			BackupInstance (0ms)
			ReleaseScriptingObjects (0ms)
			CreateAndSetChildDomain (74ms)
		EndReloadAssembly (1272ms)
			LoadAssemblies (115ms)
			RebuildTransferFunctionScriptingTraits (0ms)
			SetupTypeCache (513ms)
			ReleaseScriptCaches (1ms)
			RebuildScriptCaches (54ms)
			SetupLoadedEditorAssemblies (446ms)
				LogAssemblyErrors (0ms)
				InitializePlatformSupportModulesInManaged (7ms)
				SetLoadedEditorAssemblies (0ms)
				RefreshPlugins (1ms)
				BeforeProcessingInitializeOnLoad (75ms)
				ProcessInitializeOnLoadAttributes (326ms)
				ProcessInitializeOnLoadMethodAttributes (21ms)
				AfterProcessingInitializeOnLoad (15ms)
				EditorAssembliesLoaded (0ms)
			ExecutionOrderSort2 (0ms)
			AwakeInstancesAfterBackupRestoration (20ms)
Platform modules already initialized, skipping
Refreshing native plugins compatible for Editor in 0.67 ms, found 3 plugins.
Preloading 0 native plugins for Editor in 0.00 ms.
Unloading 3016 Unused Serialized files (Serialized files now loaded: 0)
System memory in use before: 116.6 MB.
System memory in use after: 116.8 MB.

Unloading 18 unused Assets to reduce memory usage. Loaded Objects now: 3568.
Total: 3.018900 ms (FindLiveObjects: 0.321200 ms CreateObjectMapping: 0.211400 ms MarkObjects: 2.408300 ms  DeleteObjects: 0.076900 ms)

AssetImportParameters requested are different than current active one (requested -> active):
  custom:framework-win-MediaFoundation: 216162199b28c13a410421893ffa2e32 -> 
  custom:video-decoder-ogg-theora: a1e56fd34408186e4bbccfd4996cb3dc -> 
  custom:container-muxer-webm: aa71ff27fc2769a1b78a27578f13a17b -> 
  custom:container-demuxer-webm: 4f35f7cbe854078d1ac9338744f61a02 -> 
  custom:container-demuxer-ogg: 62fdf1f143b41e24485cea50d1cbac27 -> 
  custom:video-encoder-webm-vp8: eb34c28f22e8b96e1ab97ce403110664 -> 
  custom:video-decoder-webm-vp8: 9c59270c3fd7afecdb556c50c9e8de78 -> 
  custom:audio-decoder-ogg-vorbis: bf7c407c2cedff20999df2af8eb42d56 -> 
  custom:audio-encoder-webm-vorbis: bf7c407c2cedff20999df2af8eb42d56 -> 
========================================================================
Received Import Request.
  Time since last request: 26.048925 seconds.
  path: Assets/Scripts/HexagonMovementController.cs
  artifactKey: Guid(339682ae8ff1f614ba1d10877536812e) Importer(815301076,1909f56bfc062723c751e8b465ee728b)
Start importing Assets/Scripts/HexagonMovementController.cs using Guid(339682ae8ff1f614ba1d10877536812e) Importer(815301076,1909f56bfc062723c751e8b465ee728b)  -> (artifact id: '22bd88ae64d706fc916abe828bda3aae') in 0.006927 seconds 
========================================================================
Received Prepare
Registering precompiled user dll's ...
Registered in 0.007759 seconds.
Begin MonoManager ReloadAssembly
Symbol file LoadedFromMemory doesn't match image C:\Users\PurpleSlayerFish.PSY-SANCTUARY\Desktop\HexWar\Library\PackageCache\com.unity.visualscripting@1.6.1\Editor\VisualScripting.Core\Dependencies\YamlDotNet\Unity.VisualScripting.YamlDotNet.dll
Symbol file LoadedFromMemory doesn't match image C:\Users\PurpleSlayerFish.PSY-SANCTUARY\Desktop\HexWar\Library\PackageCache\com.unity.visualscripting@1.6.1\Editor\VisualScripting.Core\Dependencies\DotNetZip\Unity.VisualScripting.IonicZip.dll
Native extension for WindowsStandalone target not found
Native extension for WebGL target not found
Refreshing native plugins compatible for Editor in 0.69 ms, found 3 plugins.
Preloading 0 native plugins for Editor in 0.00 ms.
Mono: successfully reloaded assembly
- Completed reload, in  1.520 seconds
Domain Reload Profiling:
	ReloadAssembly (1520ms)
		BeginReloadAssembly (151ms)
			ExecutionOrderSort (0ms)
			DisableScriptedObjects (8ms)
			BackupInstance (0ms)
			ReleaseScriptingObjects (0ms)
			CreateAndSetChildDomain (43ms)
		EndReloadAssembly (1087ms)
			LoadAssemblies (118ms)
			RebuildTransferFunctionScriptingTraits (0ms)
			SetupTypeCache (456ms)
			ReleaseScriptCaches (1ms)
			RebuildScriptCaches (47ms)
			SetupLoadedEditorAssemblies (340ms)
				LogAssemblyErrors (0ms)
				InitializePlatformSupportModulesInManaged (7ms)
				SetLoadedEditorAssemblies (0ms)
				RefreshPlugins (1ms)
				BeforeProcessingInitializeOnLoad (64ms)
				ProcessInitializeOnLoadAttributes (248ms)
				ProcessInitializeOnLoadMethodAttributes (10ms)
				AfterProcessingInitializeOnLoad (10ms)
				EditorAssembliesLoaded (0ms)
			ExecutionOrderSort2 (0ms)
			AwakeInstancesAfterBackupRestoration (13ms)
Platform modules already initialized, skipping
Refreshing native plugins compatible for Editor in 0.68 ms, found 3 plugins.
Preloading 0 native plugins for Editor in 0.00 ms.
Unloading 3016 Unused Serialized files (Serialized files now loaded: 0)
System memory in use before: 116.6 MB.
System memory in use after: 116.8 MB.

Unloading 18 unused Assets to reduce memory usage. Loaded Objects now: 3571.
Total: 3.546800 ms (FindLiveObjects: 0.308600 ms CreateObjectMapping: 0.126900 ms MarkObjects: 3.062200 ms  DeleteObjects: 0.048100 ms)

AssetImportParameters requested are different than current active one (requested -> active):
  custom:framework-win-MediaFoundation: 216162199b28c13a410421893ffa2e32 -> 
  custom:video-decoder-ogg-theora: a1e56fd34408186e4bbccfd4996cb3dc -> 
  custom:container-muxer-webm: aa71ff27fc2769a1b78a27578f13a17b -> 
  custom:container-demuxer-webm: 4f35f7cbe854078d1ac9338744f61a02 -> 
  custom:container-demuxer-ogg: 62fdf1f143b41e24485cea50d1cbac27 -> 
  custom:video-encoder-webm-vp8: eb34c28f22e8b96e1ab97ce403110664 -> 
  custom:video-decoder-webm-vp8: 9c59270c3fd7afecdb556c50c9e8de78 -> 
  custom:audio-decoder-ogg-vorbis: bf7c407c2cedff20999df2af8eb42d56 -> 
  custom:audio-encoder-webm-vorbis: bf7c407c2cedff20999df2af8eb42d56 -> 
AssetImportWorkerClient::OnTransportError - code=2 error=End of file
